<?xml version="1.0" encoding="UTF-8"?>
<!-- Generated by org.testng.reporters.JUnitReportReporter -->
<testsuite hostname="Athira-PC" failures="0" tests="4" name="Pages.testRunner" time="55.351" errors="0" timestamp="2024-11-18T19:00:00 GMT" skipped="0">
  <testcase classname="Pages.testRunner" name="runScenario" time="16.046"/>
  <testcase classname="Pages.testRunner" name="runScenario" time="11.793"/>
  <testcase classname="Pages.testRunner" name="runScenario" time="16.515"/>
  <testcase classname="Pages.testRunner" name="runScenario" time="10.997"/>
</testsuite> <!-- Pages.testRunner -->
